<?xml version="1.0" encoding="UTF-8"?>
<!-- Generated by org.testng.reporters.JUnitXMLReporter -->
<testsuite ignored="0" hostname="DESKTOP-3Q225KI" failures="0" tests="3" name="Default test" time="15.468" errors="0" timestamp="31 May 2023 04:53:25 GMT">
  <testcase classname="pageobjectmodel.homepagetest" name="homepagetitletest" time="0.047"/>
  <testcase classname="pageobjectmodel.homepagetest" name="homepageurl" time="0.002"/>
  <testcase classname="pageobjectmodel.homepagetest" name="searchtest" time="0.659"/>
</testsuite> <!-- Default test -->
