<?xml version="1.0" encoding="UTF-8"?>
<!-- Generated by org.testng.reporters.JUnitXMLReporter -->
<testsuite ignored="0" hostname="DESKTOP-3Q225KI" failures="0" tests="3" name="Test1" time="20.122" errors="0" timestamp="31 May 2023 05:19:25 GMT">
  <testcase classname="pageobjectmodel.homepagetest" name="homepagetitletest" time="0.037"/>
  <testcase classname="pageobjectmodel.homepagetest" name="homepageurl" time="0.01"/>
  <testcase classname="pageobjectmodel.homepagetest" name="searchtest" time="1.057"/>
</testsuite> <!-- Test1 -->
