<?xml version="1.0" encoding="UTF-8"?>
<testng-results ignored="0" total="3" passed="3" failed="0" skipped="0">
  <reporter-output>
  </reporter-output>
  <suite started-at="2023-05-31T05:19:05Z" name="opencart application playwright" finished-at="2023-05-31T05:19:25Z" duration-ms="20122">
    <groups>
    </groups>
    <test started-at="2023-05-31T05:19:05Z" name="Test1" finished-at="2023-05-31T05:19:25Z" duration-ms="20122">
      <class name="pageobjectmodel.homepagetest">
        <test-method is-config="true" signature="setup()[pri:0, instance:pageobjectmodel.homepagetest@10f7f7de]" started-at="2023-05-31T05:19:05Z" name="setup" finished-at="2023-05-31T05:19:22Z" duration-ms="17695" status="PASS">
          <reporter-output>
          </reporter-output>
        </test-method> <!-- setup -->
        <test-method signature="homepagetitletest()[pri:0, instance:pageobjectmodel.homepagetest@10f7f7de]" started-at="2023-05-31T05:19:22Z" name="homepagetitletest" finished-at="2023-05-31T05:19:23Z" duration-ms="37" status="PASS">
          <reporter-output>
          </reporter-output>
        </test-method> <!-- homepagetitletest -->
        <test-method signature="homepageurl()[pri:0, instance:pageobjectmodel.homepagetest@10f7f7de]" started-at="2023-05-31T05:19:23Z" name="homepageurl" finished-at="2023-05-31T05:19:23Z" duration-ms="10" status="PASS">
          <reporter-output>
          </reporter-output>
        </test-method> <!-- homepageurl -->
        <test-method signature="searchtest()[pri:0, instance:pageobjectmodel.homepagetest@10f7f7de]" started-at="2023-05-31T05:19:23Z" name="searchtest" finished-at="2023-05-31T05:19:24Z" duration-ms="1057" status="PASS">
          <reporter-output>
          </reporter-output>
        </test-method> <!-- searchtest -->
        <test-method is-config="true" signature="teardown()[pri:0, instance:pageobjectmodel.homepagetest@10f7f7de]" started-at="2023-05-31T05:19:24Z" name="teardown" finished-at="2023-05-31T05:19:25Z" duration-ms="1261" status="PASS">
          <reporter-output>
          </reporter-output>
        </test-method> <!-- teardown -->
      </class> <!-- pageobjectmodel.homepagetest -->
    </test> <!-- Test1 -->
  </suite> <!-- opencart application playwright -->
</testng-results>
